1
3
2
4
2
5
2
4
3
6
2
4
2
8
2
4
3
6
4
4
2
7
2
8
2
6
2
4
4
8
4
4
2
9
2
4
2
10
4
4
3
6
2
8
4
8
2
4
4
6
2
8
2
12
2
4
3
6
6
4
2
8
4
8
2
9
2
4
4
10
2
4
4
12
2
4
2
8
4
8
2
6
4
8
4
9
4
4
4
6
2
4
2
16
2
8
3
6
4
4
4
10
2
8
2
6
4
8
6
8
2
4
2
12
4
4
2
12
4
4
3
12
2
8
2
8
2
4
8
6
4
4
2
15
4
8
2
6
4
8
2
8
4
8
2
6
2
8
4
14
4
4
2
12
2
4
4
8
6
4
4
9
2
12
4
10
2
4
4
6
4
4
4
16
2
4
3
12
4
4
2
12
2
12
4
6
4
4
4
8
2
8
2
12
4
4
4
10
8
8
2
6
2
8
2
16
2
4
5
6
2
4
6
16
2
8
4
6
4
8
2
8
4
8
2
9
4
8
4
10
2
4
4
18
4
4
2
8
8
4
4
6
2
8
2
12
2
8
4
12
2
8
2
16
4
4
2
6
6
4
4
15
2
8
4
6
4
4
8
8
2
8
4
12
2
8
2
14
4
4
3
6
6
12
2
8
2
4
4
12
4
8
2
20
2
4
4
6
4
4
4
8
2
16
4
6
2
4
6
12
6
4
2
12
4
8
4
16
4
4
3
6
2
8
4
10
4
4
4
12
2
8
2
16
4
4
2
12
8
4
2
11
4
8
2
12
2
4
8
8
2
8
4
12
2
8
2
10
6
12
4
6
2
8
2
8
4
8
8
6
4
4
2
24
2
4
2
6
4
4
4
16
4
12
2
9
4
8
4
10
2
4
4
12
6
4
4
8
4
4
2
12
4
12
2
14
4
8
9
6
2
4
2
16
4
8
2
6
4
8
4
10
4
8
4
12
2
4
4
16
2
4
2
18
2
4
8
12
4
4
2
6
2
16
4
8
4
8
4
6
4
4
4
20
4
4
3
12
8
8
2
8
4
8
4
6
2
4
4
16
4
8
4
12
2
8
2
8
8
4
4
9
2
12
2
20
2
8
4
6
2
8
4
16
2
4
2
6
8
8
49
4
8
8
12
8
8
2
16
12
24
4
24
2
4
8
10
8
4
6
36
4
8
2
8
24
32
4
12
4
8
2
12
8
8
8
6
8
4
2
32
4
8
4
6
8
8
4
80
2
12
4
12
4
16
4
8
4
16
6
12
8
16
4
32
4
8
8
18
4
32
8
16
4
8
24
6
2
4
2
20
4
8
4
12
8
8
8
16
8
16
2
12
2
16
8
24
4
4
8
36
4
8
8
32
16
8
4
12
4
16
2
20
8
8
4
12
12
8
4
32
4
8
2
24
16
8
4
14
2
8
8
12
4
8
8
32
4
8
8
48
4
4
4
10
8
4
8
12
2
12
4
32
2
8
8
12
2
8
4
24
4
16
4
12
8
32
2
16
4
16
4
6
16
4
6
10
4
12
4
72
8
8
2
16
4
8
8
6
2
16
16
30
8
8
8
6
8
8
4
48
4
8
4
12
4
4
4
20
4
24
4
12
8
4
12
8
4
4
8
24
4
16
2
48
12
4
4
12
4
16
2
16
4
4
8
24
4
8
4
20
8
4
16
12
4
16
8
8
4
32
4
6
4
8
8
28
16
8
4
24
2
4
4
24
8
4
2
12
8
16
8
20
2
8
12
12
2
32
4
16
4
16
4
24
8
4
4
12
2
32
4
24
4
4
16
16
4
8
8
36
12
8
2
20
8
8
8
12
6
8
2
16
6
16
4
6
2
4
2
64
16
8
4
12
12
8
8
16
4
8
2
12
4
32
4
20
2
4
2
24
4
8
4
16
16
4
12
12
4
12
2
48
2
8
8
24
4
8
4
64
2
12
4
6
12
8
8
20
4
32
6
6
4
4
16
16
4
8
4
12
2
8
8
14
8
16
2
12
4
32
4
8
4
16
8
6
8
4
4
60
8
4
4
12
8
4
2
8
4
8
24
12
4
16
4
36
2
8
2
12
2
12
4
16
24
4
4
24
4
8
4
40
8
4
4
12
2
16
8
16
4
8
4
12
16
8
4
36
2
12
4
12
8
8
16
16
2
8
2
36
2
16
4
20
4
16
4
12
8
8
4
8
4
8
12
12
8
4
8
36
8
4
2
12
16
8
2
32
4
16
2
12
4
8
16
20
4
4
8
